
> vango@1.0.0 prod
> cross-env NODE_ENV=production node src/index.js

(sequelize) Warning: PostgresSQL does not support 'INTEGER' with LENGTH, UNSIGNED or ZEROFILL. Plain 'INTEGER' will be used instead. 
>> Check: http://www.postgresql.org/docs/9.4/static/datatype.html
Server running on port 1001
Sending push {
  to: 'ExponentPushToken[VecxV9L1enS8c9mwEIeJJv]',
  title: 'Замовлення прийнято',
  body: 'Водій взяв ваш вантаж',
  data: { orderId: 37, navigateTo: 'orderDetail' }
}
(node:5220) [DEP0040] DeprecationWarning: The `punycode` module is deprecated. Please use a userland alternative instead.
(Use `node --trace-deprecation ...` to show where the warning was created)
Push receipts [ { status: 'ok', id: '019cb966-7330-713e-9525-726cb8652292' } ]
Sending push {
  to: 'ExponentPushToken[VecxV9L1enS8c9mwEIeJJv]',
  title: 'Замовлення відхилено',
  body: 'Замовник відхилив ваш пропозицію',
  data: { orderId: 37, navigateTo: 'driverOrders' }
}
Push receipts [ { status: 'ok', id: '019cb966-b652-741d-9043-96e487491996' } ]
[SMSFly] Provider response {
  recipient: '********0020',
  httpStatus: 200,
  success: 1,
  status: 'ACCEPTD',
  messageId: null
}
Sending push {
  to: 'ExponentPushToken[qSVVD6FkwFW4-oohFAkE3X]',
  title: 'Замовник підтвердив доставку',
  body: 'Замовник підтвердив отримання вантажу',
  data: { orderId: 5, navigateTo: 'driverHistory' }
}
Push receipts [ { status: 'ok', id: '019cbe97-d8cf-7138-b343-a1d6a7fddfc6' } ]
Sending push {
  to: 'ExponentPushToken[ke5TP5JFKqxPq7TpW6uHlT]',
  title: 'Замовлення у резерві',
  body: 'Водій взяв ваше замовлення в резерв',
  data: { orderId: 38, navigateTo: 'orderDetail' }
}
Push receipts [ { status: 'ok', id: '019cbe9b-2196-704f-bf16-52ff4335f598' } ]
[SMSFly] Provider response {
  recipient: '********9007',
  httpStatus: 200,
  success: 1,
  status: 'ACCEPTD',
  messageId: null
}
